<?xml version="1.0" encoding="UTF-8"?>
<coverage generated="1762736231302" clover="3.2.0">
  <project timestamp="1762736231303" name="All files">
    <metrics statements="74" coveredstatements="63" conditionals="22" coveredconditionals="13" methods="25" coveredmethods="22" elements="121" coveredelements="98" complexity="0" loc="74" ncloc="74" packages="9" files="11" classes="11"/>
    <package name="src">
      <metrics statements="2" coveredstatements="2" conditionals="0" coveredconditionals="0" methods="1" coveredmethods="1"/>
      <file name="GifsApp.tsx" path="C:\Users\diego\Desktop\React\03-gifs-app\src\GifsApp.tsx">
        <metrics statements="2" coveredstatements="2" conditionals="0" coveredconditionals="0" methods="1" coveredmethods="1"/>
        <line num="13" count="1" type="stmt"/>
        <line num="14" count="1" type="stmt"/>
      </file>
    </package>
    <package name="src.counter.components">
      <metrics statements="2" coveredstatements="2" conditionals="0" coveredconditionals="0" methods="1" coveredmethods="1"/>
      <file name="MyCounterApp.tsx" path="C:\Users\diego\Desktop\React\03-gifs-app\src\counter\components\MyCounterApp.tsx">
        <metrics statements="2" coveredstatements="2" conditionals="0" coveredconditionals="0" methods="1" coveredmethods="1"/>
        <line num="3" count="2" type="stmt"/>
        <line num="4" count="12" type="stmt"/>
      </file>
    </package>
    <package name="src.counter.hooks">
      <metrics statements="6" coveredstatements="6" conditionals="0" coveredconditionals="0" methods="4" coveredmethods="4"/>
      <file name="useCounter.tsx" path="C:\Users\diego\Desktop\React\03-gifs-app\src\counter\hooks\useCounter.tsx">
        <metrics statements="6" coveredstatements="6" conditionals="0" coveredconditionals="0" methods="4" coveredmethods="4"/>
        <line num="12" count="2" type="stmt"/>
        <line num="13" count="14" type="stmt"/>
        <line num="15" count="14" type="stmt"/>
        <line num="16" count="14" type="stmt"/>
        <line num="17" count="14" type="stmt"/>
        <line num="19" count="14" type="stmt"/>
      </file>
    </package>
    <package name="src.gifs.actions">
      <metrics statements="10" coveredstatements="10" conditionals="2" coveredconditionals="2" methods="2" coveredmethods="2"/>
      <file name="get-gifs-by-query.action.ts" path="C:\Users\diego\Desktop\React\03-gifs-app\src\gifs\actions\get-gifs-by-query.action.ts">
        <metrics statements="10" coveredstatements="10" conditionals="2" coveredconditionals="2" methods="2" coveredmethods="2"/>
        <line num="4" count="3" type="stmt"/>
        <line num="5" count="3" type="stmt"/>
        <line num="6" count="6" type="stmt"/>
        <line num="10" count="6" type="cond" truecount="2" falsecount="0"/>
        <line num="11" count="1" type="stmt"/>
        <line num="14" count="5" type="stmt"/>
        <line num="15" count="5" type="stmt"/>
        <line num="24" count="120" type="stmt"/>
        <line num="32" count="1" type="stmt"/>
        <line num="33" count="1" type="stmt"/>
      </file>
    </package>
    <package name="src.gifs.api">
      <metrics statements="1" coveredstatements="1" conditionals="0" coveredconditionals="0" methods="0" coveredmethods="0"/>
      <file name="giphy.api.ts" path="C:\Users\diego\Desktop\React\03-gifs-app\src\gifs\api\giphy.api.ts">
        <metrics statements="1" coveredstatements="1" conditionals="0" coveredconditionals="0" methods="0" coveredmethods="0"/>
        <line num="3" count="4" type="stmt"/>
      </file>
    </package>
    <package name="src.gifs.components">
      <metrics statements="3" coveredstatements="0" conditionals="4" coveredconditionals="0" methods="4" coveredmethods="2"/>
      <file name="GifList.tsx" path="C:\Users\diego\Desktop\React\03-gifs-app\src\gifs\components\GifList.tsx">
        <metrics statements="0" coveredstatements="0" conditionals="0" coveredconditionals="0" methods="1" coveredmethods="1"/>
      </file>
      <file name="PreviousSearches.tsx" path="C:\Users\diego\Desktop\React\03-gifs-app\src\gifs\components\PreviousSearches.tsx">
        <metrics statements="3" coveredstatements="0" conditionals="4" coveredconditionals="0" methods="3" coveredmethods="1"/>
        <line num="14" count="0" type="stmt"/>
        <line num="19" count="0" type="cond" truecount="0" falsecount="4"/>
        <line num="20" count="0" type="stmt"/>
      </file>
    </package>
    <package name="src.gifs.hooks">
      <metrics statements="36" coveredstatements="30" conditionals="12" coveredconditionals="9" methods="5" coveredmethods="5"/>
      <file name="useGifs.tsx" path="C:\Users\diego\Desktop\React\03-gifs-app\src\gifs\hooks\useGifs.tsx">
        <metrics statements="36" coveredstatements="30" conditionals="12" coveredconditionals="9" methods="5" coveredmethods="5"/>
        <line num="8" count="2" type="stmt"/>
        <line num="10" count="15" type="stmt"/>
        <line num="12" count="15" type="stmt"/>
        <line num="14" count="15" type="stmt"/>
        <line num="18" count="11" type="cond" truecount="1" falsecount="1"/>
        <line num="19" count="0" type="stmt"/>
        <line num="20" count="0" type="stmt"/>
        <line num="25" count="15" type="stmt"/>
        <line num="26" count="3" type="stmt"/>
        <line num="28" count="3" type="cond" truecount="2" falsecount="0"/>
        <line num="29" count="1" type="stmt"/>
        <line num="30" count="1" type="stmt"/>
        <line num="32" count="2" type="stmt"/>
        <line num="33" count="2" type="stmt"/>
        <line num="34" count="2" type="stmt"/>
        <line num="35" count="2" type="stmt"/>
        <line num="37" count="0" type="stmt"/>
        <line num="38" count="0" type="stmt"/>
        <line num="43" count="15" type="stmt"/>
        <line num="44" count="10" type="stmt"/>
        <line num="45" count="10" type="cond" truecount="1" falsecount="1"/>
        <line num="46" count="10" type="cond" truecount="1" falsecount="1"/>
        <line num="47" count="10" type="stmt"/>
        <line num="48" count="10" type="cond" truecount="2" falsecount="0"/>
        <line num="49" count="9" type="stmt"/>
        <line num="51" count="10" type="stmt"/>
        <line num="52" count="10" type="cond" truecount="2" falsecount="0"/>
        <line num="53" count="1" type="stmt"/>
        <line num="54" count="1" type="stmt"/>
        <line num="56" count="9" type="stmt"/>
        <line num="57" count="9" type="stmt"/>
        <line num="58" count="9" type="stmt"/>
        <line num="59" count="9" type="stmt"/>
        <line num="62" count="0" type="stmt"/>
        <line num="63" count="0" type="stmt"/>
        <line num="67" count="15" type="stmt"/>
      </file>
    </package>
    <package name="src.shared.components">
      <metrics statements="13" coveredstatements="11" conditionals="4" coveredconditionals="2" methods="8" coveredmethods="7"/>
      <file name="CustomHeader.tsx" path="C:\Users\diego\Desktop\React\03-gifs-app\src\shared\components\CustomHeader.tsx">
        <metrics statements="1" coveredstatements="1" conditionals="0" coveredconditionals="0" methods="1" coveredmethods="1"/>
        <line num="6" count="2" type="stmt"/>
      </file>
      <file name="SearchBar.tsx" path="C:\Users\diego\Desktop\React\03-gifs-app\src\shared\components\SearchBar.tsx">
        <metrics statements="12" coveredstatements="10" conditionals="4" coveredconditionals="2" methods="7" coveredmethods="6"/>
        <line num="11" count="15" type="stmt"/>
        <line num="17" count="15" type="stmt"/>
        <line num="21" count="15" type="stmt"/>
        <line num="22" count="2" type="stmt"/>
        <line num="26" count="15" type="stmt"/>
        <line num="30" count="15" type="stmt"/>
        <line num="31" count="1" type="stmt"/>
        <line num="32" count="1" type="stmt"/>
        <line num="36" count="15" type="stmt"/>
        <line num="37" count="0" type="cond" truecount="0" falsecount="2"/>
        <line num="38" count="0" type="stmt"/>
        <line num="48" count="8" type="stmt"/>
      </file>
    </package>
    <package name="tests.mock">
      <metrics statements="1" coveredstatements="1" conditionals="0" coveredconditionals="0" methods="0" coveredmethods="0"/>
      <file name="giphy.response.data.ts" path="C:\Users\diego\Desktop\React\03-gifs-app\tests\mock\giphy.response.data.ts">
        <metrics statements="1" coveredstatements="1" conditionals="0" coveredconditionals="0" methods="0" coveredmethods="0"/>
        <line num="1" count="1" type="stmt"/>
      </file>
    </package>
  </project>
</coverage>
