{"C:\\Users\\diego\\Desktop\\React\\03-gifs-app\\src\\GifsApp.tsx": {"path":"C:\\Users\\diego\\Desktop\\React\\03-gifs-app\\src\\GifsApp.tsx","statementMap":{"0":{"start":{"line":13,"column":23},"end":{"line":37,"column":null}},"1":{"start":{"line":14,"column":62},"end":{"line":14,"column":null}}},"fnMap":{"0":{"name":"(anonymous_0)","decl":{"start":{"line":13,"column":23},"end":{"line":13,"column":null}},"loc":{"start":{"line":13,"column":23},"end":{"line":37,"column":null}},"line":13}},"branchMap":{},"s":{"0":1,"1":1},"f":{"0":1},"b":{},"meta":{"lastBranch":0,"lastFunction":1,"lastStatement":2,"seen":{"s:13:23:37:Infinity":0,"f:13:23:13:Infinity":0,"s:14:62:14:Infinity":1}}}
,"C:\\Users\\diego\\Desktop\\React\\03-gifs-app\\src\\counter\\components\\MyCounterApp.tsx": {"path":"C:\\Users\\diego\\Desktop\\React\\03-gifs-app\\src\\counter\\components\\MyCounterApp.tsx","statementMap":{"0":{"start":{"line":3,"column":28},"end":{"line":23,"column":null}},"1":{"start":{"line":4,"column":59},"end":{"line":4,"column":null}}},"fnMap":{"0":{"name":"(anonymous_0)","decl":{"start":{"line":3,"column":28},"end":{"line":3,"column":null}},"loc":{"start":{"line":3,"column":28},"end":{"line":23,"column":null}},"line":3}},"branchMap":{},"s":{"0":2,"1":12},"f":{"0":12},"b":{},"meta":{"lastBranch":0,"lastFunction":1,"lastStatement":2,"seen":{"s:3:28:23:Infinity":0,"f:3:28:3:Infinity":0,"s:4:59:4:Infinity":1}}}
,"C:\\Users\\diego\\Desktop\\React\\03-gifs-app\\src\\counter\\hooks\\useCounter.tsx": {"path":"C:\\Users\\diego\\Desktop\\React\\03-gifs-app\\src\\counter\\hooks\\useCounter.tsx","statementMap":{"0":{"start":{"line":12,"column":26},"end":{"line":25,"column":null}},"1":{"start":{"line":13,"column":29},"end":{"line":13,"column":null}},"2":{"start":{"line":15,"column":20},"end":{"line":15,"column":51}},"3":{"start":{"line":15,"column":26},"end":{"line":15,"column":51}},"4":{"start":{"line":16,"column":25},"end":{"line":16,"column":56}},"5":{"start":{"line":16,"column":31},"end":{"line":16,"column":56}},"6":{"start":{"line":17,"column":22},"end":{"line":17,"column":54}},"7":{"start":{"line":17,"column":28},"end":{"line":17,"column":54}},"8":{"start":{"line":19,"column":2},"end":{"line":24,"column":null}}},"fnMap":{"0":{"name":"(anonymous_0)","decl":{"start":{"line":12,"column":26},"end":{"line":12,"column":27}},"loc":{"start":{"line":12,"column":27},"end":{"line":25,"column":null}},"line":12},"1":{"name":"(anonymous_1)","decl":{"start":{"line":15,"column":20},"end":{"line":15,"column":26}},"loc":{"start":{"line":15,"column":26},"end":{"line":15,"column":51}},"line":15},"2":{"name":"(anonymous_2)","decl":{"start":{"line":16,"column":25},"end":{"line":16,"column":31}},"loc":{"start":{"line":16,"column":31},"end":{"line":16,"column":56}},"line":16},"3":{"name":"(anonymous_3)","decl":{"start":{"line":17,"column":22},"end":{"line":17,"column":28}},"loc":{"start":{"line":17,"column":28},"end":{"line":17,"column":54}},"line":17}},"branchMap":{},"s":{"0":2,"1":14,"2":14,"3":3,"4":14,"5":2,"6":14,"7":2,"8":14},"f":{"0":14,"1":3,"2":2,"3":2},"b":{},"meta":{"lastBranch":0,"lastFunction":4,"lastStatement":9,"seen":{"s:12:26:25:Infinity":0,"f:12:26:12:27":0,"s:13:29:13:Infinity":1,"s:15:20:15:51":2,"f:15:20:15:26":1,"s:15:26:15:51":3,"s:16:25:16:56":4,"f:16:25:16:31":2,"s:16:31:16:56":5,"s:17:22:17:54":6,"f:17:22:17:28":3,"s:17:28:17:54":7,"s:19:2:24:Infinity":8}}}
,"C:\\Users\\diego\\Desktop\\React\\03-gifs-app\\src\\gifs\\actions\\get-gifs-by-query.action.ts": {"path":"C:\\Users\\diego\\Desktop\\React\\03-gifs-app\\src\\gifs\\actions\\get-gifs-by-query.action.ts","statementMap":{"0":{"start":{"line":4,"column":15},"end":{"line":4,"column":null}},"1":{"start":{"line":5,"column":30},"end":{"line":35,"column":null}},"2":{"start":{"line":6,"column":2},"end":{"line":6,"column":null}},"3":{"start":{"line":10,"column":2},"end":{"line":12,"column":null}},"4":{"start":{"line":11,"column":4},"end":{"line":11,"column":null}},"5":{"start":{"line":14,"column":2},"end":{"line":34,"column":null}},"6":{"start":{"line":15,"column":21},"end":{"line":20,"column":null}},"7":{"start":{"line":24,"column":4},"end":{"line":30,"column":null}},"8":{"start":{"line":24,"column":44},"end":{"line":30,"column":null}},"9":{"start":{"line":32,"column":4},"end":{"line":32,"column":null}},"10":{"start":{"line":33,"column":4},"end":{"line":33,"column":null}}},"fnMap":{"0":{"name":"(anonymous_0)","decl":{"start":{"line":5,"column":30},"end":{"line":5,"column":37}},"loc":{"start":{"line":5,"column":37},"end":{"line":35,"column":null}},"line":5},"1":{"name":"(anonymous_1)","decl":{"start":{"line":24,"column":34},"end":{"line":24,"column":35}},"loc":{"start":{"line":24,"column":44},"end":{"line":30,"column":null}},"line":24}},"branchMap":{"0":{"loc":{"start":{"line":10,"column":2},"end":{"line":12,"column":null}},"type":"if","locations":[{"start":{"line":10,"column":2},"end":{"line":12,"column":null}},{"start":{},"end":{}}],"line":10}},"s":{"0":3,"1":3,"2":6,"3":6,"4":1,"5":5,"6":5,"7":4,"8":120,"9":1,"10":1},"f":{"0":6,"1":120},"b":{"0":[1,5]},"meta":{"lastBranch":1,"lastFunction":2,"lastStatement":11,"seen":{"s:4:15:4:Infinity":0,"s:5:30:35:Infinity":1,"f:5:30:5:37":0,"s:6:2:6:Infinity":2,"b:10:2:12:Infinity:undefined:undefined:undefined:undefined":0,"s:10:2:12:Infinity":3,"s:11:4:11:Infinity":4,"s:14:2:34:Infinity":5,"s:15:21:20:Infinity":6,"s:24:4:30:Infinity":7,"f:24:34:24:35":1,"s:24:44:30:Infinity":8,"s:32:4:32:Infinity":9,"s:33:4:33:Infinity":10}}}
,"C:\\Users\\diego\\Desktop\\React\\03-gifs-app\\src\\gifs\\api\\giphy.api.ts": {"path":"C:\\Users\\diego\\Desktop\\React\\03-gifs-app\\src\\gifs\\api\\giphy.api.ts","statementMap":{"0":{"start":{"line":3,"column":24},"end":{"line":9,"column":null}}},"fnMap":{},"branchMap":{},"s":{"0":4},"f":{},"b":{},"meta":{"lastBranch":0,"lastFunction":0,"lastStatement":1,"seen":{"s:3:24:9:Infinity":0}}}
,"C:\\Users\\diego\\Desktop\\React\\03-gifs-app\\src\\gifs\\components\\GifList.tsx": {"path":"C:\\Users\\diego\\Desktop\\React\\03-gifs-app\\src\\gifs\\components\\GifList.tsx","statementMap":{},"fnMap":{"0":{"name":"GifList","decl":{"start":{"line":10,"column":24},"end":{"line":10,"column":32}},"loc":{"start":{"line":10,"column":51},"end":{"line":24,"column":null}},"line":10}},"branchMap":{},"s":{},"f":{"0":1},"b":{},"meta":{"lastBranch":0,"lastFunction":1,"lastStatement":0,"seen":{"f:10:24:10:32":0}}}
,"C:\\Users\\diego\\Desktop\\React\\03-gifs-app\\src\\gifs\\components\\PreviousSearches.tsx": {"path":"C:\\Users\\diego\\Desktop\\React\\03-gifs-app\\src\\gifs\\components\\PreviousSearches.tsx","statementMap":{"0":{"start":{"line":14,"column":27},"end":{"line":14,"column":null}},"1":{"start":{"line":19,"column":14},"end":{"line":21,"column":null}},"2":{"start":{"line":20,"column":16},"end":{"line":20,"column":null}}},"fnMap":{"0":{"name":"PreviousSearches","decl":{"start":{"line":7,"column":24},"end":{"line":7,"column":41}},"loc":{"start":{"line":7,"column":74},"end":{"line":30,"column":null}},"line":7},"1":{"name":"(anonymous_1)","decl":{"start":{"line":14,"column":21},"end":{"line":14,"column":27}},"loc":{"start":{"line":14,"column":27},"end":{"line":14,"column":null}},"line":14},"2":{"name":"(anonymous_2)","decl":{"start":{"line":18,"column":23},"end":{"line":18,"column":24}},"loc":{"start":{"line":18,"column":24},"end":{"line":22,"column":null}},"line":18}},"branchMap":{"0":{"loc":{"start":{"line":19,"column":14},"end":{"line":21,"column":null}},"type":"if","locations":[{"start":{"line":19,"column":14},"end":{"line":21,"column":null}},{"start":{},"end":{}}],"line":19},"1":{"loc":{"start":{"line":19,"column":18},"end":{"line":19,"column":54}},"type":"binary-expr","locations":[{"start":{"line":19,"column":18},"end":{"line":19,"column":39}},{"start":{"line":19,"column":39},"end":{"line":19,"column":54}}],"line":19}},"s":{"0":0,"1":0,"2":0},"f":{"0":1,"1":0,"2":0},"b":{"0":[0,0],"1":[0,0]},"meta":{"lastBranch":2,"lastFunction":3,"lastStatement":3,"seen":{"f:7:24:7:41":0,"f:14:21:14:27":1,"s:14:27:14:Infinity":0,"f:18:23:18:24":2,"b:19:14:21:Infinity:undefined:undefined:undefined:undefined":0,"s:19:14:21:Infinity":1,"b:19:18:19:39:19:39:19:54":1,"s:20:16:20:Infinity":2}}}
,"C:\\Users\\diego\\Desktop\\React\\03-gifs-app\\src\\gifs\\hooks\\useGifs.tsx": {"path":"C:\\Users\\diego\\Desktop\\React\\03-gifs-app\\src\\gifs\\hooks\\useGifs.tsx","statementMap":{"0":{"start":{"line":8,"column":23},"end":{"line":74,"column":null}},"1":{"start":{"line":10,"column":41},"end":{"line":10,"column":null}},"2":{"start":{"line":12,"column":23},"end":{"line":12,"column":null}},"3":{"start":{"line":14,"column":8},"end":{"line":14,"column":null}},"4":{"start":{"line":18,"column":4},"end":{"line":21,"column":null}},"5":{"start":{"line":19,"column":24},"end":{"line":19,"column":45}},"6":{"start":{"line":20,"column":6},"end":{"line":20,"column":null}},"7":{"start":{"line":25,"column":26},"end":{"line":40,"column":null}},"8":{"start":{"line":26,"column":4},"end":{"line":39,"column":null}},"9":{"start":{"line":28,"column":6},"end":{"line":31,"column":null}},"10":{"start":{"line":29,"column":8},"end":{"line":29,"column":null}},"11":{"start":{"line":30,"column":8},"end":{"line":30,"column":null}},"12":{"start":{"line":32,"column":19},"end":{"line":32,"column":null}},"13":{"start":{"line":33,"column":6},"end":{"line":33,"column":null}},"14":{"start":{"line":34,"column":6},"end":{"line":34,"column":null}},"15":{"start":{"line":35,"column":6},"end":{"line":35,"column":null}},"16":{"start":{"line":37,"column":6},"end":{"line":37,"column":null}},"17":{"start":{"line":38,"column":6},"end":{"line":38,"column":null}},"18":{"start":{"line":43,"column":23},"end":{"line":65,"column":null}},"19":{"start":{"line":44,"column":4},"end":{"line":44,"column":null}},"20":{"start":{"line":45,"column":4},"end":{"line":45,"column":null}},"21":{"start":{"line":45,"column":28},"end":{"line":45,"column":null}},"22":{"start":{"line":46,"column":4},"end":{"line":46,"column":null}},"23":{"start":{"line":46,"column":39},"end":{"line":46,"column":null}},"24":{"start":{"line":47,"column":4},"end":{"line":50,"column":null}},"25":{"start":{"line":48,"column":6},"end":{"line":48,"column":null}},"26":{"start":{"line":48,"column":32},"end":{"line":48,"column":null}},"27":{"start":{"line":49,"column":6},"end":{"line":49,"column":null}},"28":{"start":{"line":51,"column":4},"end":{"line":64,"column":null}},"29":{"start":{"line":52,"column":6},"end":{"line":55,"column":null}},"30":{"start":{"line":53,"column":8},"end":{"line":53,"column":null}},"31":{"start":{"line":54,"column":8},"end":{"line":54,"column":null}},"32":{"start":{"line":56,"column":19},"end":{"line":56,"column":null}},"33":{"start":{"line":57,"column":6},"end":{"line":57,"column":null}},"34":{"start":{"line":58,"column":6},"end":{"line":58,"column":null}},"35":{"start":{"line":59,"column":6},"end":{"line":59,"column":null}},"36":{"start":{"line":62,"column":6},"end":{"line":62,"column":null}},"37":{"start":{"line":63,"column":6},"end":{"line":63,"column":null}},"38":{"start":{"line":67,"column":2},"end":{"line":73,"column":null}}},"fnMap":{"0":{"name":"(anonymous_0)","decl":{"start":{"line":8,"column":23},"end":{"line":8,"column":null}},"loc":{"start":{"line":8,"column":23},"end":{"line":74,"column":null}},"line":8},"1":{"name":"limitCacheSize","decl":{"start":{"line":17,"column":11},"end":{"line":17,"column":26}},"loc":{"start":{"line":17,"column":67},"end":{"line":22,"column":null}},"line":17},"2":{"name":"(anonymous_2)","decl":{"start":{"line":25,"column":26},"end":{"line":25,"column":33}},"loc":{"start":{"line":25,"column":33},"end":{"line":40,"column":null}},"line":25},"3":{"name":"(anonymous_3)","decl":{"start":{"line":43,"column":23},"end":{"line":43,"column":30}},"loc":{"start":{"line":43,"column":30},"end":{"line":65,"column":null}},"line":43},"4":{"name":"(anonymous_4)","decl":{"start":{"line":47,"column":21},"end":{"line":47,"column":22}},"loc":{"start":{"line":47,"column":22},"end":{"line":50,"column":null}},"line":47}},"branchMap":{"0":{"loc":{"start":{"line":18,"column":4},"end":{"line":21,"column":null}},"type":"if","locations":[{"start":{"line":18,"column":4},"end":{"line":21,"column":null}},{"start":{},"end":{}}],"line":18},"1":{"loc":{"start":{"line":28,"column":6},"end":{"line":31,"column":null}},"type":"if","locations":[{"start":{"line":28,"column":6},"end":{"line":31,"column":null}},{"start":{},"end":{}}],"line":28},"2":{"loc":{"start":{"line":45,"column":4},"end":{"line":45,"column":null}},"type":"if","locations":[{"start":{"line":45,"column":4},"end":{"line":45,"column":null}},{"start":{},"end":{}}],"line":45},"3":{"loc":{"start":{"line":46,"column":4},"end":{"line":46,"column":null}},"type":"if","locations":[{"start":{"line":46,"column":4},"end":{"line":46,"column":null}},{"start":{},"end":{}}],"line":46},"4":{"loc":{"start":{"line":48,"column":6},"end":{"line":48,"column":null}},"type":"if","locations":[{"start":{"line":48,"column":6},"end":{"line":48,"column":null}},{"start":{},"end":{}}],"line":48},"5":{"loc":{"start":{"line":52,"column":6},"end":{"line":55,"column":null}},"type":"if","locations":[{"start":{"line":52,"column":6},"end":{"line":55,"column":null}},{"start":{},"end":{}}],"line":52}},"s":{"0":2,"1":15,"2":15,"3":15,"4":11,"5":0,"6":0,"7":15,"8":3,"9":3,"10":1,"11":1,"12":2,"13":2,"14":2,"15":2,"16":0,"17":0,"18":15,"19":10,"20":10,"21":0,"22":10,"23":0,"24":10,"25":10,"26":1,"27":9,"28":10,"29":10,"30":1,"31":1,"32":9,"33":9,"34":9,"35":9,"36":0,"37":0,"38":15},"f":{"0":15,"1":11,"2":3,"3":10,"4":10},"b":{"0":[0,11],"1":[1,2],"2":[0,10],"3":[0,10],"4":[1,9],"5":[1,9]},"meta":{"lastBranch":6,"lastFunction":5,"lastStatement":39,"seen":{"s:8:23:74:Infinity":0,"f:8:23:8:Infinity":0,"s:10:41:10:Infinity":1,"s:12:23:12:Infinity":2,"s:14:8:14:Infinity":3,"f:17:11:17:26":1,"b:18:4:21:Infinity:undefined:undefined:undefined:undefined":0,"s:18:4:21:Infinity":4,"s:19:24:19:45":5,"s:20:6:20:Infinity":6,"s:25:26:40:Infinity":7,"f:25:26:25:33":2,"s:26:4:39:Infinity":8,"b:28:6:31:Infinity:undefined:undefined:undefined:undefined":1,"s:28:6:31:Infinity":9,"s:29:8:29:Infinity":10,"s:30:8:30:Infinity":11,"s:32:19:32:Infinity":12,"s:33:6:33:Infinity":13,"s:34:6:34:Infinity":14,"s:35:6:35:Infinity":15,"s:37:6:37:Infinity":16,"s:38:6:38:Infinity":17,"s:43:23:65:Infinity":18,"f:43:23:43:30":3,"s:44:4:44:Infinity":19,"b:45:4:45:Infinity:undefined:undefined:undefined:undefined":2,"s:45:4:45:Infinity":20,"s:45:28:45:Infinity":21,"b:46:4:46:Infinity:undefined:undefined:undefined:undefined":3,"s:46:4:46:Infinity":22,"s:46:39:46:Infinity":23,"s:47:4:50:Infinity":24,"f:47:21:47:22":4,"b:48:6:48:Infinity:undefined:undefined:undefined:undefined":4,"s:48:6:48:Infinity":25,"s:48:32:48:Infinity":26,"s:49:6:49:Infinity":27,"s:51:4:64:Infinity":28,"b:52:6:55:Infinity:undefined:undefined:undefined:undefined":5,"s:52:6:55:Infinity":29,"s:53:8:53:Infinity":30,"s:54:8:54:Infinity":31,"s:56:19:56:Infinity":32,"s:57:6:57:Infinity":33,"s:58:6:58:Infinity":34,"s:59:6:59:Infinity":35,"s:62:6:62:Infinity":36,"s:63:6:63:Infinity":37,"s:67:2:73:Infinity":38}}}
,"C:\\Users\\diego\\Desktop\\React\\03-gifs-app\\src\\shared\\components\\CustomHeader.tsx": {"path":"C:\\Users\\diego\\Desktop\\React\\03-gifs-app\\src\\shared\\components\\CustomHeader.tsx","statementMap":{"0":{"start":{"line":6,"column":28},"end":{"line":13,"column":null}}},"fnMap":{"0":{"name":"(anonymous_0)","decl":{"start":{"line":6,"column":28},"end":{"line":6,"column":29}},"loc":{"start":{"line":6,"column":58},"end":{"line":13,"column":null}},"line":6}},"branchMap":{},"s":{"0":2},"f":{"0":4},"b":{},"meta":{"lastBranch":0,"lastFunction":1,"lastStatement":1,"seen":{"s:6:28:13:Infinity":0,"f:6:28:6:29":0}}}
,"C:\\Users\\diego\\Desktop\\React\\03-gifs-app\\src\\shared\\components\\SearchBar.tsx": {"path":"C:\\Users\\diego\\Desktop\\React\\03-gifs-app\\src\\shared\\components\\SearchBar.tsx","statementMap":{"0":{"start":{"line":11,"column":25},"end":{"line":11,"column":null}},"1":{"start":{"line":17,"column":2},"end":{"line":27,"column":null}},"2":{"start":{"line":21,"column":22},"end":{"line":23,"column":null}},"3":{"start":{"line":22,"column":6},"end":{"line":22,"column":null}},"4":{"start":{"line":26,"column":4},"end":{"line":26,"column":null}},"5":{"start":{"line":26,"column":17},"end":{"line":26,"column":null}},"6":{"start":{"line":30,"column":23},"end":{"line":33,"column":null}},"7":{"start":{"line":31,"column":4},"end":{"line":31,"column":null}},"8":{"start":{"line":32,"column":4},"end":{"line":32,"column":null}},"9":{"start":{"line":36,"column":24},"end":{"line":40,"column":null}},"10":{"start":{"line":37,"column":4},"end":{"line":39,"column":null}},"11":{"start":{"line":38,"column":6},"end":{"line":38,"column":null}},"12":{"start":{"line":48,"column":25},"end":{"line":48,"column":null}}},"fnMap":{"0":{"name":"SearchBar","decl":{"start":{"line":9,"column":24},"end":{"line":9,"column":34}},"loc":{"start":{"line":9,"column":65},"end":{"line":54,"column":null}},"line":9},"1":{"name":"(anonymous_1)","decl":{"start":{"line":17,"column":12},"end":{"line":17,"column":null}},"loc":{"start":{"line":17,"column":12},"end":{"line":27,"column":5}},"line":17},"2":{"name":"(anonymous_2)","decl":{"start":{"line":21,"column":33},"end":{"line":21,"column":null}},"loc":{"start":{"line":21,"column":33},"end":{"line":23,"column":7}},"line":21},"3":{"name":"(anonymous_3)","decl":{"start":{"line":26,"column":11},"end":{"line":26,"column":17}},"loc":{"start":{"line":26,"column":17},"end":{"line":26,"column":null}},"line":26},"4":{"name":"(anonymous_4)","decl":{"start":{"line":30,"column":23},"end":{"line":30,"column":null}},"loc":{"start":{"line":30,"column":23},"end":{"line":33,"column":null}},"line":30},"5":{"name":"(anonymous_5)","decl":{"start":{"line":36,"column":24},"end":{"line":36,"column":25}},"loc":{"start":{"line":36,"column":25},"end":{"line":40,"column":null}},"line":36},"6":{"name":"(anonymous_6)","decl":{"start":{"line":48,"column":18},"end":{"line":48,"column":19}},"loc":{"start":{"line":48,"column":25},"end":{"line":48,"column":null}},"line":48}},"branchMap":{"0":{"loc":{"start":{"line":37,"column":4},"end":{"line":39,"column":null}},"type":"if","locations":[{"start":{"line":37,"column":4},"end":{"line":39,"column":null}},{"start":{},"end":{}}],"line":37},"1":{"loc":{"start":{"line":46,"column":21},"end":{"line":46,"column":null}},"type":"binary-expr","locations":[{"start":{"line":46,"column":21},"end":{"line":46,"column":36}},{"start":{"line":46,"column":36},"end":{"line":46,"column":null}}],"line":46}},"s":{"0":15,"1":15,"2":15,"3":2,"4":15,"5":15,"6":15,"7":1,"8":1,"9":15,"10":0,"11":0,"12":8},"f":{"0":15,"1":15,"2":2,"3":15,"4":1,"5":0,"6":8},"b":{"0":[0,0],"1":[15,13]},"meta":{"lastBranch":2,"lastFunction":7,"lastStatement":13,"seen":{"f:9:24:9:34":0,"s:11:25:11:Infinity":0,"s:17:2:27:Infinity":1,"f:17:12:17:Infinity":1,"s:21:22:23:Infinity":2,"f:21:33:21:Infinity":2,"s:22:6:22:Infinity":3,"s:26:4:26:Infinity":4,"f:26:11:26:17":3,"s:26:17:26:Infinity":5,"s:30:23:33:Infinity":6,"f:30:23:30:Infinity":4,"s:31:4:31:Infinity":7,"s:32:4:32:Infinity":8,"s:36:24:40:Infinity":9,"f:36:24:36:25":5,"b:37:4:39:Infinity:undefined:undefined:undefined:undefined":0,"s:37:4:39:Infinity":10,"s:38:6:38:Infinity":11,"b:46:21:46:36:46:36:46:Infinity":1,"f:48:18:48:19":6,"s:48:25:48:Infinity":12}}}
,"C:\\Users\\diego\\Desktop\\React\\03-gifs-app\\tests\\mock\\giphy.response.data.ts": {"path":"C:\\Users\\diego\\Desktop\\React\\03-gifs-app\\tests\\mock\\giphy.response.data.ts","statementMap":{"0":{"start":{"line":1,"column":39},"end":{"line":6145,"column":null}}},"fnMap":{},"branchMap":{},"s":{"0":1},"f":{},"b":{},"meta":{"lastBranch":0,"lastFunction":0,"lastStatement":1,"seen":{"s:1:39:6145:Infinity":0}}}
}
